<?xml version="1.0" encoding="UTF-8"?>
<!-- Generated by org.testng.reporters.JUnitReportReporter -->
<testsuite hostname="BNGEMPL108" failures="0" tests="1" name="Main.TenantAction" time="79.176" errors="0" timestamp="2024-05-30T06:31:39 GMT-05:00" skipped="0">
  <testcase classname="Main.TenantAction" name="Login" time="79.176"/>
  <system-out/>
</testsuite> <!-- Main.TenantAction -->
