<?xml version="1.0" encoding="UTF-8"?>
<!-- Generated by org.testng.reporters.JUnitReportReporter -->
<testsuite hostname="BNGEMPL108" failures="0" tests="1" name="Main.MainClass" time="51.022" errors="0" timestamp="2024-05-30T01:48:33 GMT-05:00" skipped="0">
  <testcase classname="Main.MainClass" name="Login" time="51.022"/>
  <system-out/>
</testsuite> <!-- Main.MainClass -->
