<?xml version="1.0" encoding="UTF-8"?>
<!-- Generated by org.testng.reporters.JUnitReportReporter -->
<testsuite hostname="BNGEMPL108" failures="0" tests="2" name="Main.FeatureMaster" time="31.085" errors="0" timestamp="2024-06-05T02:51:41 GMT-05:00" skipped="0">
  <testcase classname="Main.FeatureMaster" name="featureMaster" time="19.421"/>
  <system-out/>
  <testcase classname="Main.FeatureMaster" name="editAndDeleteFeatureMaster" time="11.664"/>
  <system-out/>
</testsuite> <!-- Main.FeatureMaster -->
