<?xml version="1.0" encoding="UTF-8"?>
<!-- Generated by org.testng.reporters.JUnitReportReporter -->
<testsuite hostname="BNGEMPL108" failures="0" tests="1" name="Main.TenantMasterAction" time="77.829" errors="0" timestamp="2024-06-05T02:45:58 GMT-05:00" skipped="0">
  <testcase classname="Main.TenantMasterAction" name="Login" time="77.829"/>
  <system-out/>
</testsuite> <!-- Main.TenantMasterAction -->
