<?xml version="1.0" encoding="UTF-8"?>
<!-- Generated by org.testng.reporters.JUnitReportReporter -->
<testsuite hostname="BNGEMPL108" failures="0" tests="1" name="Main.TenantAdminAction" time="32.613" errors="0" timestamp="2024-06-05T02:47:51 GMT-05:00" skipped="0">
  <testcase classname="Main.TenantAdminAction" name="Login" time="32.613"/>
  <system-out/>
</testsuite> <!-- Main.TenantAdminAction -->
