<?xml version="1.0" encoding="UTF-8"?>
<!-- Generated by org.testng.reporters.JUnitReportReporter -->
<testsuite hostname="BNGEMPL108" failures="0" tests="1" name="Main.LanguageMaster" time="15.453" errors="0" timestamp="2024-06-05T02:52:11 GMT-05:00" skipped="0">
  <testcase classname="Main.LanguageMaster" name="featureMaster" time="15.453"/>
  <system-out/>
</testsuite> <!-- Main.LanguageMaster -->
