<?xml version="1.0" encoding="UTF-8"?>
<!-- Generated by org.testng.reporters.JUnitReportReporter -->
<testsuite hostname="BNGEMPL108" failures="0" tests="2" name="Main.ModuleMaster" time="42.997" errors="0" timestamp="2024-06-05T02:50:51 GMT-05:00" skipped="0">
  <testcase classname="Main.ModuleMaster" name="moduleMaster" time="27.297"/>
  <system-out/>
  <testcase classname="Main.ModuleMaster" name="moduleMasterAction" time="15.700"/>
  <system-out/>
</testsuite> <!-- Main.ModuleMaster -->
